<?xml version="1.0" encoding="UTF-8"?>
<testng-results ignored="0" total="1" passed="1" failed="0" skipped="0">
  <reporter-output>
  </reporter-output>
  <suite started-at="2023-05-11T08:19:31 PDT" name="Default suite" finished-at="2023-05-11T08:19:56 PDT" duration-ms="24997">
    <groups>
    </groups>
    <test started-at="2023-05-11T08:19:31 PDT" name="Default test" finished-at="2023-05-11T08:19:56 PDT" duration-ms="24997">
      <class name="com.Amazon.testcases.HomePageTest">
        <test-method is-config="true" signature="go()[pri:0, instance:com.Amazon.testcases.HomePageTest@54a7079e]" started-at="2023-05-11T08:19:31 PDT" name="go" finished-at="2023-05-11T08:19:39 PDT" duration-ms="8180" status="PASS">
          <reporter-output>
          </reporter-output>
        </test-method> <!-- go -->
        <test-method signature="HomePageTitleTest()[pri:0, instance:com.Amazon.testcases.HomePageTest@54a7079e]" started-at="2023-05-11T08:19:39 PDT" name="HomePageTitleTest" finished-at="2023-05-11T08:19:55 PDT" duration-ms="15630" status="PASS">
          <reporter-output>
          </reporter-output>
        </test-method> <!-- HomePageTitleTest -->
        <test-method is-config="true" signature="Teardown()[pri:0, instance:com.Amazon.testcases.HomePageTest@54a7079e]" started-at="2023-05-11T08:19:55 PDT" name="Teardown" finished-at="2023-05-11T08:19:56 PDT" duration-ms="1092" status="PASS">
          <reporter-output>
          </reporter-output>
        </test-method> <!-- Teardown -->
      </class> <!-- com.Amazon.testcases.HomePageTest -->
    </test> <!-- Default test -->
  </suite> <!-- Default suite -->
</testng-results>
